<?xml version="1.0" encoding="UTF-8"?>
<testsuite name="assignment6.message.InsultMessageTest" tests="4" skipped="0" failures="0" errors="0" timestamp="2022-12-12T01:36:52" hostname="DESKTOP-KSL5KLB" time="0.005">
  <properties/>
  <testcase name="toBytes()" classname="assignment6.message.InsultMessageTest" time="0.001"/>
  <testcase name="testToString()" classname="assignment6.message.InsultMessageTest" time="0.001"/>
  <testcase name="testHashCode()" classname="assignment6.message.InsultMessageTest" time="0.0"/>
  <testcase name="testEquals()" classname="assignment6.message.InsultMessageTest" time="0.0"/>
  <system-out><![CDATA[[B@4e558728
27 6 Pranay 7 Harshit
]]></system-out>
  <system-err><![CDATA[]]></system-err>
</testsuite>
