<?xml version="1.0" encoding="UTF-8"?>
<testsuite name="assignment6.message.FailedMessageTest" tests="5" skipped="0" failures="0" errors="0" timestamp="2022-12-12T01:36:52" hostname="DESKTOP-KSL5KLB" time="0.016">
  <properties/>
  <testcase name="displayMessage()" classname="assignment6.message.FailedMessageTest" time="0.01"/>
  <testcase name="toBytes()" classname="assignment6.message.FailedMessageTest" time="0.001"/>
  <testcase name="testToString()" classname="assignment6.message.FailedMessageTest" time="0.0"/>
  <testcase name="testHashCode()" classname="assignment6.message.FailedMessageTest" time="0.001"/>
  <testcase name="testEquals()" classname="assignment6.message.FailedMessageTest" time="0.0"/>
  <system-out><![CDATA[ (ClientHandler) Pranay: :(
[B@3eb631b8
26 6 Pranay 2 :(
]]></system-out>
  <system-err><![CDATA[]]></system-err>
</testsuite>
