<?xml version="1.0" encoding="UTF-8"?>
<testsuite name="assignment6.StringManipulationTest" tests="3" skipped="0" failures="0" errors="0" timestamp="2022-12-12T01:36:52" hostname="DESKTOP-KSL5KLB" time="0.006">
  <properties/>
  <testcase name="testHashCode()" classname="assignment6.StringManipulationTest" time="0.001"/>
  <testcase name="concatenate()" classname="assignment6.StringManipulationTest" time="0.002"/>
  <testcase name="testEquals()" classname="assignment6.StringManipulationTest" time="0.001"/>
  <system-out><![CDATA[Pranay Shukla I study in NEU
]]></system-out>
  <system-err><![CDATA[]]></system-err>
</testsuite>
