<?xml version="1.0" encoding="UTF-8"?>
<testsuite name="assignment6.message.DisconnectMessageTest" tests="4" skipped="0" failures="0" errors="0" timestamp="2022-12-12T01:36:52" hostname="DESKTOP-KSL5KLB" time="0.006">
  <properties/>
  <testcase name="toBytes()" classname="assignment6.message.DisconnectMessageTest" time="0.001"/>
  <testcase name="testToString()" classname="assignment6.message.DisconnectMessageTest" time="0.0"/>
  <testcase name="testHashCode()" classname="assignment6.message.DisconnectMessageTest" time="0.0"/>
  <testcase name="testEquals()" classname="assignment6.message.DisconnectMessageTest" time="0.001"/>
  <system-out><![CDATA[[B@4642b71d
21 6 Pranay
]]></system-out>
  <system-err><![CDATA[]]></system-err>
</testsuite>
