<?xml version="1.0" encoding="UTF-8"?>
<testsuite name="assignment6.message.QueryResponseTest" tests="5" skipped="0" failures="0" errors="0" timestamp="2022-12-12T01:36:52" hostname="DESKTOP-KSL5KLB" time="0.017">
  <properties/>
  <testcase name="displayMessage()" classname="assignment6.message.QueryResponseTest" time="0.011"/>
  <testcase name="toBytes()" classname="assignment6.message.QueryResponseTest" time="0.001"/>
  <testcase name="testToString()" classname="assignment6.message.QueryResponseTest" time="0.0"/>
  <testcase name="testHashCode()" classname="assignment6.message.QueryResponseTest" time="0.001"/>
  <testcase name="testEquals()" classname="assignment6.message.QueryResponseTest" time="0.0"/>
  <system-out><![CDATA[ (ClientHandler) SERVER: There is 1 other users: test2 test
[B@5bb8f9e2
23 1 5 test2 4 test
]]></system-out>
  <system-err><![CDATA[]]></system-err>
</testsuite>
