<?xml version="1.0" encoding="UTF-8"?>
<testsuite name="assignment6.message.ConnectMessageTest" tests="4" skipped="0" failures="0" errors="0" timestamp="2022-12-12T01:36:52" hostname="DESKTOP-KSL5KLB" time="0.051">
  <properties/>
  <testcase name="toBytes()" classname="assignment6.message.ConnectMessageTest" time="0.045"/>
  <testcase name="testToString()" classname="assignment6.message.ConnectMessageTest" time="0.001"/>
  <testcase name="equalTest()" classname="assignment6.message.ConnectMessageTest" time="0.001"/>
  <testcase name="testHashcode()" classname="assignment6.message.ConnectMessageTest" time="0.001"/>
  <system-out><![CDATA[19 6 Pranay
]]></system-out>
  <system-err><![CDATA[]]></system-err>
</testsuite>
